13-Sep-22 00:39:52 - [INFO] Automation Running
13-Sep-22 00:57:13 - [INFO] Automation Running
13-Sep-22 00:57:13 - [INFO] Automation Searching for 10205-sign
13-Sep-22 00:57:16 - [ERROR] Failed to read images/10205-signed.png because file is missing, has improper permissions, or is an unsupported or invalid format
13-Sep-22 00:57:16 - [INFO] There is 0 unit of 10205-sign was found.
13-Sep-22 00:57:16 - [INFO] Automation Searching for 10205-sign
13-Sep-22 00:57:20 - [ERROR] Failed to read images/10205-signed.png because file is missing, has improper permissions, or is an unsupported or invalid format
13-Sep-22 00:57:20 - [INFO] There is 0 unit of 10205-sign was found.
13-Sep-22 00:57:20 - [INFO] Automation Searching for 10205-sign
13-Sep-22 00:57:23 - [ERROR] Failed to read images/10205-signed.png because file is missing, has improper permissions, or is an unsupported or invalid format
13-Sep-22 00:57:23 - [INFO] There is 0 unit of 10205-sign was found.
13-Sep-22 00:57:23 - [INFO] Automation Searching for 10205-sign
13-Sep-22 00:57:27 - [ERROR] Failed to read images/10205-signed.png because file is missing, has improper permissions, or is an unsupported or invalid format
13-Sep-22 00:57:27 - [INFO] There is 0 unit of 10205-sign was found.
13-Sep-22 00:57:27 - [INFO] Automation Searching for 10205-sign
13-Sep-22 00:57:30 - [ERROR] Failed to read images/10205-signed.png because file is missing, has improper permissions, or is an unsupported or invalid format
13-Sep-22 00:57:30 - [INFO] There is 0 unit of 10205-sign was found.
13-Sep-22 00:57:30 - [INFO] Automation Searching for 10205-sign
13-Sep-22 00:57:34 - [ERROR] Failed to read images/10205-signed.png because file is missing, has improper permissions, or is an unsupported or invalid format
13-Sep-22 00:57:34 - [INFO] There is 0 unit of 10205-sign was found.
13-Sep-22 00:57:34 - [INFO] Automation Searching for 10205-sign
13-Sep-22 00:57:37 - [INFO] Automation Running
13-Sep-22 00:57:37 - [INFO] Automation Searching for lamp-sign
13-Sep-22 00:57:37 - [ERROR] Failed to read images/10205-signed.png because file is missing, has improper permissions, or is an unsupported or invalid format
13-Sep-22 00:57:37 - [INFO] There is 0 unit of 10205-sign was found.
13-Sep-22 00:57:37 - [INFO] Automation Searching for 10205-sign
13-Sep-22 00:57:40 - [ERROR] Failed to read images/lamp-signed.png because file is missing, has improper permissions, or is an unsupported or invalid format
13-Sep-22 00:57:40 - [INFO] There is 0 unit of lamp-sign was found.
13-Sep-22 00:57:40 - [INFO] Automation Searching for lamp-sign
13-Sep-22 00:57:41 - [ERROR] Failed to read images/10205-signed.png because file is missing, has improper permissions, or is an unsupported or invalid format
13-Sep-22 00:57:41 - [INFO] There is 0 unit of 10205-sign was found.
13-Sep-22 00:57:41 - [INFO] Automation Searching for 10205-sign
13-Sep-22 00:57:44 - [ERROR] Failed to read images/lamp-signed.png because file is missing, has improper permissions, or is an unsupported or invalid format
13-Sep-22 00:57:44 - [INFO] There is 0 unit of lamp-sign was found.
13-Sep-22 00:57:44 - [INFO] Automation Searching for lamp-sign
13-Sep-22 00:57:44 - [ERROR] Failed to read images/10205-signed.png because file is missing, has improper permissions, or is an unsupported or invalid format
13-Sep-22 00:57:44 - [INFO] There is 0 unit of 10205-sign was found.
13-Sep-22 00:57:44 - [INFO] Automation Searching for 10205-sign
13-Sep-22 00:57:47 - [ERROR] Failed to read images/lamp-signed.png because file is missing, has improper permissions, or is an unsupported or invalid format
13-Sep-22 00:57:47 - [INFO] There is 0 unit of lamp-sign was found.
13-Sep-22 00:57:47 - [INFO] Automation Searching for lamp-sign
13-Sep-22 00:57:48 - [ERROR] Failed to read images/10205-signed.png because file is missing, has improper permissions, or is an unsupported or invalid format
13-Sep-22 00:57:48 - [INFO] There is 0 unit of 10205-sign was found.
13-Sep-22 00:57:48 - [INFO] Automation Searching for 10205-sign
13-Sep-22 00:57:51 - [ERROR] Failed to read images/lamp-signed.png because file is missing, has improper permissions, or is an unsupported or invalid format
13-Sep-22 00:57:51 - [INFO] There is 0 unit of lamp-sign was found.
13-Sep-22 00:57:51 - [INFO] Automation Searching for lamp-sign
13-Sep-22 00:57:51 - [ERROR] Failed to read images/10205-signed.png because file is missing, has improper permissions, or is an unsupported or invalid format
13-Sep-22 00:57:51 - [INFO] There is 0 unit of 10205-sign was found.
13-Sep-22 00:57:51 - [INFO] Automation Searching for 10205-sign
13-Sep-22 00:57:54 - [ERROR] Failed to read images/lamp-signed.png because file is missing, has improper permissions, or is an unsupported or invalid format
13-Sep-22 00:57:54 - [INFO] There is 0 unit of lamp-sign was found.
13-Sep-22 00:57:54 - [INFO] Automation Searching for lamp-sign
13-Sep-22 00:57:54 - [ERROR] Failed to read images/10205-signed.png because file is missing, has improper permissions, or is an unsupported or invalid format
13-Sep-22 00:57:54 - [INFO] There is 0 unit of 10205-sign was found.
13-Sep-22 00:57:54 - [INFO] Automation Searching for 10205-sign
13-Sep-22 00:57:58 - [ERROR] Failed to read images/lamp-signed.png because file is missing, has improper permissions, or is an unsupported or invalid format
13-Sep-22 00:57:58 - [INFO] There is 0 unit of lamp-sign was found.
13-Sep-22 00:57:58 - [INFO] Automation Searching for lamp-sign
13-Sep-22 00:57:58 - [ERROR] Failed to read images/10205-signed.png because file is missing, has improper permissions, or is an unsupported or invalid format
13-Sep-22 00:57:58 - [INFO] There is 0 unit of 10205-sign was found.
13-Sep-22 00:57:58 - [INFO] Automation Searching for 10205-sign
13-Sep-22 00:58:01 - [ERROR] Failed to read images/lamp-signed.png because file is missing, has improper permissions, or is an unsupported or invalid format
13-Sep-22 00:58:01 - [INFO] There is 0 unit of lamp-sign was found.
13-Sep-22 00:58:01 - [INFO] Automation Searching for lamp-sign
13-Sep-22 00:58:01 - [ERROR] Failed to read images/10205-signed.png because file is missing, has improper permissions, or is an unsupported or invalid format
13-Sep-22 00:58:01 - [INFO] There is 0 unit of 10205-sign was found.
13-Sep-22 00:58:01 - [INFO] Automation Searching for 10205-sign
13-Sep-22 00:58:04 - [ERROR] Failed to read images/lamp-signed.png because file is missing, has improper permissions, or is an unsupported or invalid format
13-Sep-22 00:58:04 - [INFO] There is 0 unit of lamp-sign was found.
13-Sep-22 00:58:04 - [INFO] Automation Searching for lamp-sign
13-Sep-22 00:58:05 - [ERROR] Failed to read images/10205-signed.png because file is missing, has improper permissions, or is an unsupported or invalid format
13-Sep-22 00:58:05 - [INFO] There is 0 unit of 10205-sign was found.
13-Sep-22 00:58:05 - [INFO] Automation Searching for 10205-sign
13-Sep-22 00:58:08 - [ERROR] Failed to read images/lamp-signed.png because file is missing, has improper permissions, or is an unsupported or invalid format
13-Sep-22 00:58:08 - [INFO] There is 0 unit of lamp-sign was found.
13-Sep-22 00:58:08 - [INFO] Automation Searching for lamp-sign
13-Sep-22 00:58:08 - [ERROR] Failed to read images/10205-signed.png because file is missing, has improper permissions, or is an unsupported or invalid format
13-Sep-22 00:58:08 - [INFO] There is 0 unit of 10205-sign was found.
13-Sep-22 00:58:08 - [INFO] Automation Searching for 10205-sign
13-Sep-22 00:58:11 - [ERROR] Failed to read images/lamp-signed.png because file is missing, has improper permissions, or is an unsupported or invalid format
13-Sep-22 00:58:11 - [INFO] There is 0 unit of lamp-sign was found.
13-Sep-22 00:58:11 - [INFO] Automation Searching for lamp-sign
13-Sep-22 00:58:12 - [ERROR] Failed to read images/10205-signed.png because file is missing, has improper permissions, or is an unsupported or invalid format
13-Sep-22 00:58:12 - [INFO] There is 0 unit of 10205-sign was found.
13-Sep-22 00:58:12 - [INFO] Automation Searching for 10205-sign
13-Sep-22 00:58:15 - [ERROR] Failed to read images/lamp-signed.png because file is missing, has improper permissions, or is an unsupported or invalid format
13-Sep-22 00:58:15 - [INFO] There is 0 unit of lamp-sign was found.
13-Sep-22 00:58:15 - [INFO] Automation Searching for lamp-sign
13-Sep-22 00:58:15 - [ERROR] Failed to read images/10205-signed.png because file is missing, has improper permissions, or is an unsupported or invalid format
13-Sep-22 00:58:15 - [INFO] There is 0 unit of 10205-sign was found.
13-Sep-22 00:58:15 - [INFO] Automation Searching for 10205-sign
13-Sep-22 00:58:18 - [ERROR] Failed to read images/lamp-signed.png because file is missing, has improper permissions, or is an unsupported or invalid format
13-Sep-22 00:58:18 - [INFO] There is 0 unit of lamp-sign was found.
13-Sep-22 00:58:18 - [INFO] Automation Searching for lamp-sign
13-Sep-22 00:58:18 - [ERROR] Failed to read images/10205-signed.png because file is missing, has improper permissions, or is an unsupported or invalid format
13-Sep-22 00:58:18 - [INFO] There is 0 unit of 10205-sign was found.
13-Sep-22 00:58:18 - [INFO] Automation Searching for 10205-sign
13-Sep-22 00:58:22 - [ERROR] Failed to read images/lamp-signed.png because file is missing, has improper permissions, or is an unsupported or invalid format
13-Sep-22 00:58:22 - [INFO] There is 0 unit of lamp-sign was found.
13-Sep-22 00:58:22 - [INFO] Automation Searching for lamp-sign
13-Sep-22 00:58:22 - [ERROR] Failed to read images/10205-signed.png because file is missing, has improper permissions, or is an unsupported or invalid format
13-Sep-22 00:58:22 - [INFO] There is 0 unit of 10205-sign was found.
13-Sep-22 00:58:22 - [INFO] Automation Searching for 10205-sign
13-Sep-22 00:58:25 - [ERROR] Failed to read images/lamp-signed.png because file is missing, has improper permissions, or is an unsupported or invalid format
13-Sep-22 00:58:25 - [INFO] There is 0 unit of lamp-sign was found.
13-Sep-22 00:58:25 - [INFO] Automation Searching for lamp-sign
13-Sep-22 00:58:25 - [ERROR] Failed to read images/10205-signed.png because file is missing, has improper permissions, or is an unsupported or invalid format
13-Sep-22 00:58:25 - [INFO] There is 0 unit of 10205-sign was found.
13-Sep-22 00:58:25 - [INFO] Automation Searching for 10205-sign
13-Sep-22 00:58:29 - [ERROR] Failed to read images/lamp-signed.png because file is missing, has improper permissions, or is an unsupported or invalid format
13-Sep-22 00:58:29 - [INFO] There is 0 unit of lamp-sign was found.
13-Sep-22 00:58:29 - [INFO] Automation Searching for lamp-sign
13-Sep-22 00:58:29 - [ERROR] Failed to read images/10205-signed.png because file is missing, has improper permissions, or is an unsupported or invalid format
13-Sep-22 00:58:29 - [INFO] There is 0 unit of 10205-sign was found.
13-Sep-22 00:58:29 - [INFO] Automation Searching for 10205-sign
13-Sep-22 00:58:32 - [ERROR] Failed to read images/10205-signed.png because file is missing, has improper permissions, or is an unsupported or invalid format
13-Sep-22 00:58:32 - [INFO] There is 0 unit of 10205-sign was found.
13-Sep-22 00:58:32 - [INFO] Automation Searching for 10205-sign
13-Sep-22 00:58:36 - [ERROR] Failed to read images/10205-signed.png because file is missing, has improper permissions, or is an unsupported or invalid format
13-Sep-22 00:58:36 - [INFO] There is 0 unit of 10205-sign was found.
13-Sep-22 00:58:36 - [INFO] Automation Searching for 10205-sign
13-Sep-22 00:58:39 - [ERROR] Failed to read images/10205-signed.png because file is missing, has improper permissions, or is an unsupported or invalid format
13-Sep-22 00:58:39 - [INFO] There is 0 unit of 10205-sign was found.
13-Sep-22 00:58:39 - [INFO] Automation Searching for 10205-sign
13-Sep-22 00:58:43 - [ERROR] Failed to read images/10205-signed.png because file is missing, has improper permissions, or is an unsupported or invalid format
13-Sep-22 00:58:43 - [INFO] There is 0 unit of 10205-sign was found.
13-Sep-22 00:58:43 - [INFO] Automation Searching for 10205-sign
13-Sep-22 00:58:46 - [ERROR] Failed to read images/10205-signed.png because file is missing, has improper permissions, or is an unsupported or invalid format
13-Sep-22 00:58:46 - [INFO] There is 0 unit of 10205-sign was found.
13-Sep-22 00:58:46 - [INFO] Automation Searching for 10205-sign
13-Sep-22 00:58:50 - [ERROR] Failed to read images/10205-signed.png because file is missing, has improper permissions, or is an unsupported or invalid format
13-Sep-22 00:58:50 - [INFO] There is 0 unit of 10205-sign was found.
13-Sep-22 00:58:50 - [INFO] Automation Searching for 10205-sign
13-Sep-22 00:58:53 - [ERROR] Failed to read images/10205-signed.png because file is missing, has improper permissions, or is an unsupported or invalid format
13-Sep-22 00:58:53 - [INFO] There is 0 unit of 10205-sign was found.
13-Sep-22 00:58:53 - [INFO] Automation Searching for 10205-sign
13-Sep-22 00:58:56 - [ERROR] Failed to read images/10205-signed.png because file is missing, has improper permissions, or is an unsupported or invalid format
13-Sep-22 00:58:56 - [INFO] There is 0 unit of 10205-sign was found.
13-Sep-22 00:58:56 - [INFO] Automation Searching for 10205-sign
13-Sep-22 00:59:00 - [ERROR] Failed to read images/10205-signed.png because file is missing, has improper permissions, or is an unsupported or invalid format
13-Sep-22 00:59:00 - [INFO] There is 0 unit of 10205-sign was found.
13-Sep-22 00:59:00 - [INFO] Automation Searching for 10205-sign
13-Sep-22 00:59:03 - [ERROR] Failed to read images/10205-signed.png because file is missing, has improper permissions, or is an unsupported or invalid format
13-Sep-22 00:59:03 - [INFO] There is 0 unit of 10205-sign was found.
13-Sep-22 00:59:03 - [INFO] Automation Searching for 10205-sign
13-Sep-22 00:59:07 - [ERROR] Failed to read images/10205-signed.png because file is missing, has improper permissions, or is an unsupported or invalid format
13-Sep-22 00:59:07 - [INFO] There is 0 unit of 10205-sign was found.
13-Sep-22 00:59:07 - [INFO] Automation Searching for 10205-sign
13-Sep-22 00:59:10 - [ERROR] Failed to read images/10205-signed.png because file is missing, has improper permissions, or is an unsupported or invalid format
13-Sep-22 00:59:10 - [INFO] There is 0 unit of 10205-sign was found.
13-Sep-22 00:59:10 - [INFO] Automation Searching for 10205-sign
13-Sep-22 00:59:14 - [ERROR] Failed to read images/10205-signed.png because file is missing, has improper permissions, or is an unsupported or invalid format
13-Sep-22 00:59:14 - [INFO] There is 0 unit of 10205-sign was found.
13-Sep-22 00:59:14 - [INFO] Automation Searching for 10205-sign
13-Sep-22 00:59:17 - [ERROR] Failed to read images/10205-signed.png because file is missing, has improper permissions, or is an unsupported or invalid format
13-Sep-22 00:59:17 - [INFO] There is 0 unit of 10205-sign was found.
13-Sep-22 00:59:17 - [INFO] Automation Searching for 10205-sign
13-Sep-22 00:59:21 - [ERROR] Failed to read images/10205-signed.png because file is missing, has improper permissions, or is an unsupported or invalid format
13-Sep-22 00:59:21 - [INFO] There is 0 unit of 10205-sign was found.
13-Sep-22 00:59:21 - [INFO] Automation Searching for 10205-sign
13-Sep-22 00:59:24 - [ERROR] Failed to read images/10205-signed.png because file is missing, has improper permissions, or is an unsupported or invalid format
13-Sep-22 00:59:24 - [INFO] There is 0 unit of 10205-sign was found.
13-Sep-22 00:59:24 - [INFO] Automation Searching for 10205-sign
13-Sep-22 00:59:28 - [ERROR] Failed to read images/10205-signed.png because file is missing, has improper permissions, or is an unsupported or invalid format
13-Sep-22 00:59:28 - [INFO] There is 0 unit of 10205-sign was found.
13-Sep-22 00:59:28 - [INFO] Automation Searching for 10205-sign
13-Sep-22 00:59:31 - [ERROR] Failed to read images/10205-signed.png because file is missing, has improper permissions, or is an unsupported or invalid format
13-Sep-22 00:59:31 - [INFO] There is 0 unit of 10205-sign was found.
13-Sep-22 00:59:31 - [INFO] Automation Searching for 10205-sign
13-Sep-22 00:59:35 - [ERROR] Failed to read images/10205-signed.png because file is missing, has improper permissions, or is an unsupported or invalid format
13-Sep-22 00:59:35 - [INFO] There is 0 unit of 10205-sign was found.
13-Sep-22 00:59:35 - [INFO] Automation Searching for 10205-sign
13-Sep-22 00:59:38 - [ERROR] Failed to read images/10205-signed.png because file is missing, has improper permissions, or is an unsupported or invalid format
13-Sep-22 00:59:38 - [INFO] There is 0 unit of 10205-sign was found.
13-Sep-22 00:59:38 - [INFO] Automation Searching for 10205-sign
13-Sep-22 00:59:42 - [ERROR] Failed to read images/10205-signed.png because file is missing, has improper permissions, or is an unsupported or invalid format
13-Sep-22 00:59:42 - [INFO] There is 0 unit of 10205-sign was found.
13-Sep-22 00:59:42 - [INFO] Automation Searching for 10205-sign
13-Sep-22 00:59:45 - [ERROR] Failed to read images/10205-signed.png because file is missing, has improper permissions, or is an unsupported or invalid format
13-Sep-22 00:59:45 - [INFO] There is 0 unit of 10205-sign was found.
13-Sep-22 00:59:45 - [INFO] Automation Searching for 10205-sign
13-Sep-22 00:59:48 - [ERROR] Failed to read images/10205-signed.png because file is missing, has improper permissions, or is an unsupported or invalid format
13-Sep-22 00:59:48 - [INFO] There is 0 unit of 10205-sign was found.
13-Sep-22 00:59:48 - [INFO] Automation Searching for 10205-sign
13-Sep-22 00:59:52 - [ERROR] Failed to read images/10205-signed.png because file is missing, has improper permissions, or is an unsupported or invalid format
13-Sep-22 00:59:52 - [INFO] There is 0 unit of 10205-sign was found.
13-Sep-22 00:59:52 - [INFO] Automation Searching for 10205-sign
13-Sep-22 00:59:55 - [ERROR] Failed to read images/10205-signed.png because file is missing, has improper permissions, or is an unsupported or invalid format
13-Sep-22 00:59:55 - [INFO] There is 0 unit of 10205-sign was found.
13-Sep-22 00:59:55 - [INFO] Automation Searching for 10205-sign
13-Sep-22 00:59:59 - [ERROR] Failed to read images/10205-signed.png because file is missing, has improper permissions, or is an unsupported or invalid format
13-Sep-22 00:59:59 - [INFO] There is 0 unit of 10205-sign was found.
13-Sep-22 00:59:59 - [INFO] Automation Searching for 10205-sign
13-Sep-22 01:00:02 - [ERROR] Failed to read images/10205-signed.png because file is missing, has improper permissions, or is an unsupported or invalid format
13-Sep-22 01:00:02 - [INFO] There is 0 unit of 10205-sign was found.
13-Sep-22 01:00:02 - [INFO] Automation Searching for 10205-sign
13-Sep-22 01:00:06 - [ERROR] Failed to read images/10205-signed.png because file is missing, has improper permissions, or is an unsupported or invalid format
13-Sep-22 01:00:06 - [INFO] There is 0 unit of 10205-sign was found.
13-Sep-22 01:00:06 - [INFO] Automation Searching for 10205-sign
13-Sep-22 01:00:09 - [ERROR] Failed to read images/10205-signed.png because file is missing, has improper permissions, or is an unsupported or invalid format
13-Sep-22 01:00:09 - [INFO] There is 0 unit of 10205-sign was found.
13-Sep-22 01:00:09 - [INFO] Automation Searching for 10205-sign
13-Sep-22 01:00:12 - [ERROR] Failed to read images/10205-signed.png because file is missing, has improper permissions, or is an unsupported or invalid format
13-Sep-22 01:00:12 - [INFO] There is 0 unit of 10205-sign was found.
13-Sep-22 01:00:12 - [INFO] Automation Searching for 10205-sign
13-Sep-22 01:00:16 - [ERROR] Failed to read images/10205-signed.png because file is missing, has improper permissions, or is an unsupported or invalid format
13-Sep-22 01:00:16 - [INFO] There is 0 unit of 10205-sign was found.
13-Sep-22 01:00:16 - [INFO] Automation Searching for 10205-sign
13-Sep-22 01:00:19 - [ERROR] Failed to read images/10205-signed.png because file is missing, has improper permissions, or is an unsupported or invalid format
13-Sep-22 01:00:19 - [INFO] There is 0 unit of 10205-sign was found.
13-Sep-22 01:00:19 - [INFO] Automation Searching for 10205-sign
13-Sep-22 01:00:23 - [ERROR] Failed to read images/10205-signed.png because file is missing, has improper permissions, or is an unsupported or invalid format
13-Sep-22 01:00:23 - [INFO] There is 0 unit of 10205-sign was found.
13-Sep-22 01:00:23 - [INFO] Automation Searching for 10205-sign
13-Sep-22 01:00:23 - [INFO] Automation Running
13-Sep-22 01:00:23 - [INFO] Automation Searching for lamp-sign
13-Sep-22 01:00:26 - [ERROR] Failed to read images/10205-signed.png because file is missing, has improper permissions, or is an unsupported or invalid format
13-Sep-22 01:00:26 - [INFO] There is 0 unit of 10205-sign was found.
13-Sep-22 01:00:26 - [INFO] Automation Searching for 10205-sign
13-Sep-22 01:00:27 - [ERROR] Failed to read images/lamp-signed.png because file is missing, has improper permissions, or is an unsupported or invalid format
13-Sep-22 01:00:27 - [INFO] There is 0 unit of lamp-sign was found.
13-Sep-22 01:00:27 - [INFO] Automation Searching for lamp-sign
13-Sep-22 01:00:30 - [ERROR] Failed to read images/10205-signed.png because file is missing, has improper permissions, or is an unsupported or invalid format
13-Sep-22 01:00:30 - [INFO] There is 0 unit of 10205-sign was found.
13-Sep-22 01:00:30 - [INFO] Automation Searching for 10205-sign
13-Sep-22 01:00:30 - [ERROR] Failed to read images/lamp-signed.png because file is missing, has improper permissions, or is an unsupported or invalid format
13-Sep-22 01:00:30 - [INFO] There is 0 unit of lamp-sign was found.
13-Sep-22 01:00:30 - [INFO] Automation Searching for lamp-sign
13-Sep-22 01:00:33 - [ERROR] Failed to read images/10205-signed.png because file is missing, has improper permissions, or is an unsupported or invalid format
13-Sep-22 01:00:33 - [INFO] There is 0 unit of 10205-sign was found.
13-Sep-22 01:00:33 - [INFO] Automation Searching for 10205-sign
13-Sep-22 01:00:34 - [ERROR] Failed to read images/lamp-signed.png because file is missing, has improper permissions, or is an unsupported or invalid format
13-Sep-22 01:00:34 - [INFO] There is 0 unit of lamp-sign was found.
13-Sep-22 01:00:34 - [INFO] Automation Searching for lamp-sign
13-Sep-22 01:00:37 - [ERROR] Failed to read images/10205-signed.png because file is missing, has improper permissions, or is an unsupported or invalid format
13-Sep-22 01:00:37 - [INFO] There is 0 unit of 10205-sign was found.
13-Sep-22 01:00:37 - [INFO] Automation Searching for 10205-sign
13-Sep-22 01:00:37 - [ERROR] Failed to read images/lamp-signed.png because file is missing, has improper permissions, or is an unsupported or invalid format
13-Sep-22 01:00:37 - [INFO] There is 0 unit of lamp-sign was found.
13-Sep-22 01:00:37 - [INFO] Automation Searching for lamp-sign
13-Sep-22 01:00:40 - [ERROR] Failed to read images/10205-signed.png because file is missing, has improper permissions, or is an unsupported or invalid format
13-Sep-22 01:00:40 - [INFO] There is 0 unit of 10205-sign was found.
13-Sep-22 01:00:40 - [INFO] Automation Searching for 10205-sign
13-Sep-22 01:00:41 - [ERROR] Failed to read images/lamp-signed.png because file is missing, has improper permissions, or is an unsupported or invalid format
13-Sep-22 01:00:41 - [INFO] There is 0 unit of lamp-sign was found.
13-Sep-22 01:00:41 - [INFO] Automation Searching for lamp-sign
13-Sep-22 01:00:43 - [ERROR] Failed to read images/10205-signed.png because file is missing, has improper permissions, or is an unsupported or invalid format
13-Sep-22 01:00:43 - [INFO] There is 0 unit of 10205-sign was found.
13-Sep-22 01:00:43 - [INFO] Automation Searching for 10205-sign
13-Sep-22 01:00:44 - [ERROR] Failed to read images/lamp-signed.png because file is missing, has improper permissions, or is an unsupported or invalid format
13-Sep-22 01:00:44 - [INFO] There is 0 unit of lamp-sign was found.
13-Sep-22 01:00:44 - [INFO] Automation Searching for lamp-sign
13-Sep-22 01:00:47 - [ERROR] Failed to read images/10205-signed.png because file is missing, has improper permissions, or is an unsupported or invalid format
13-Sep-22 01:00:47 - [INFO] There is 0 unit of 10205-sign was found.
13-Sep-22 01:00:47 - [INFO] Automation Searching for 10205-sign
13-Sep-22 01:00:47 - [ERROR] Failed to read images/lamp-signed.png because file is missing, has improper permissions, or is an unsupported or invalid format
13-Sep-22 01:00:47 - [INFO] There is 0 unit of lamp-sign was found.
13-Sep-22 01:00:47 - [INFO] Automation Searching for lamp-sign
13-Sep-22 01:00:50 - [ERROR] Failed to read images/10205-signed.png because file is missing, has improper permissions, or is an unsupported or invalid format
13-Sep-22 01:00:50 - [INFO] There is 0 unit of 10205-sign was found.
13-Sep-22 01:00:50 - [INFO] Automation Searching for 10205-sign
13-Sep-22 01:00:51 - [ERROR] Failed to read images/lamp-signed.png because file is missing, has improper permissions, or is an unsupported or invalid format
13-Sep-22 01:00:51 - [INFO] There is 0 unit of lamp-sign was found.
13-Sep-22 01:00:51 - [INFO] Automation Searching for lamp-sign
13-Sep-22 01:00:54 - [ERROR] Failed to read images/10205-signed.png because file is missing, has improper permissions, or is an unsupported or invalid format
13-Sep-22 01:00:54 - [INFO] There is 0 unit of 10205-sign was found.
13-Sep-22 01:00:54 - [INFO] Automation Searching for 10205-sign
13-Sep-22 01:00:54 - [ERROR] Failed to read images/lamp-signed.png because file is missing, has improper permissions, or is an unsupported or invalid format
13-Sep-22 01:00:54 - [INFO] There is 0 unit of lamp-sign was found.
13-Sep-22 01:00:54 - [INFO] Automation Searching for lamp-sign
13-Sep-22 01:00:57 - [ERROR] Failed to read images/10205-signed.png because file is missing, has improper permissions, or is an unsupported or invalid format
13-Sep-22 01:00:57 - [INFO] There is 0 unit of 10205-sign was found.
13-Sep-22 01:00:57 - [INFO] Automation Searching for 10205-sign
13-Sep-22 01:00:58 - [ERROR] Failed to read images/lamp-signed.png because file is missing, has improper permissions, or is an unsupported or invalid format
13-Sep-22 01:00:58 - [INFO] There is 0 unit of lamp-sign was found.
13-Sep-22 01:00:58 - [INFO] Automation Searching for lamp-sign
13-Sep-22 01:01:01 - [ERROR] Failed to read images/10205-signed.png because file is missing, has improper permissions, or is an unsupported or invalid format
13-Sep-22 01:01:01 - [INFO] There is 0 unit of 10205-sign was found.
13-Sep-22 01:01:01 - [INFO] Automation Searching for 10205-sign
13-Sep-22 01:01:01 - [ERROR] Failed to read images/lamp-signed.png because file is missing, has improper permissions, or is an unsupported or invalid format
13-Sep-22 01:01:01 - [INFO] There is 0 unit of lamp-sign was found.
13-Sep-22 01:01:01 - [INFO] Automation Searching for lamp-sign
13-Sep-22 01:01:04 - [ERROR] Failed to read images/10205-signed.png because file is missing, has improper permissions, or is an unsupported or invalid format
13-Sep-22 01:01:04 - [INFO] There is 0 unit of 10205-sign was found.
13-Sep-22 01:01:04 - [INFO] Automation Searching for 10205-sign
13-Sep-22 01:01:05 - [ERROR] Failed to read images/lamp-signed.png because file is missing, has improper permissions, or is an unsupported or invalid format
13-Sep-22 01:01:05 - [INFO] There is 0 unit of lamp-sign was found.
13-Sep-22 01:01:05 - [INFO] Automation Searching for lamp-sign
13-Sep-22 01:01:08 - [ERROR] Failed to read images/10205-signed.png because file is missing, has improper permissions, or is an unsupported or invalid format
13-Sep-22 01:01:08 - [INFO] There is 0 unit of 10205-sign was found.
13-Sep-22 01:01:08 - [INFO] Automation Searching for 10205-sign
13-Sep-22 01:01:08 - [ERROR] Failed to read images/lamp-signed.png because file is missing, has improper permissions, or is an unsupported or invalid format
13-Sep-22 01:01:08 - [INFO] There is 0 unit of lamp-sign was found.
13-Sep-22 01:01:08 - [INFO] Automation Searching for lamp-sign
13-Sep-22 01:01:11 - [ERROR] Failed to read images/10205-signed.png because file is missing, has improper permissions, or is an unsupported or invalid format
13-Sep-22 01:01:11 - [INFO] There is 0 unit of 10205-sign was found.
13-Sep-22 01:01:11 - [INFO] Automation Searching for 10205-sign
13-Sep-22 01:01:12 - [ERROR] Failed to read images/lamp-signed.png because file is missing, has improper permissions, or is an unsupported or invalid format
13-Sep-22 01:01:12 - [INFO] There is 0 unit of lamp-sign was found.
13-Sep-22 01:01:12 - [INFO] Automation Searching for lamp-sign
13-Sep-22 01:01:15 - [ERROR] Failed to read images/10205-signed.png because file is missing, has improper permissions, or is an unsupported or invalid format
13-Sep-22 01:01:15 - [INFO] There is 0 unit of 10205-sign was found.
13-Sep-22 01:01:15 - [INFO] Automation Searching for 10205-sign
13-Sep-22 01:01:15 - [ERROR] Failed to read images/lamp-signed.png because file is missing, has improper permissions, or is an unsupported or invalid format
13-Sep-22 01:01:15 - [INFO] There is 0 unit of lamp-sign was found.
13-Sep-22 01:01:15 - [INFO] Automation Searching for lamp-sign
13-Sep-22 01:01:18 - [ERROR] Failed to read images/10205-signed.png because file is missing, has improper permissions, or is an unsupported or invalid format
13-Sep-22 01:01:18 - [INFO] There is 0 unit of 10205-sign was found.
13-Sep-22 01:01:18 - [INFO] Automation Searching for 10205-sign
13-Sep-22 01:01:19 - [ERROR] Failed to read images/lamp-signed.png because file is missing, has improper permissions, or is an unsupported or invalid format
13-Sep-22 01:01:19 - [INFO] There is 0 unit of lamp-sign was found.
13-Sep-22 01:01:19 - [INFO] Automation Searching for lamp-sign
13-Sep-22 01:01:22 - [ERROR] Failed to read images/10205-signed.png because file is missing, has improper permissions, or is an unsupported or invalid format
13-Sep-22 01:01:22 - [INFO] There is 0 unit of 10205-sign was found.
13-Sep-22 01:01:22 - [INFO] Automation Searching for 10205-sign
13-Sep-22 01:01:22 - [ERROR] Failed to read images/lamp-signed.png because file is missing, has improper permissions, or is an unsupported or invalid format
13-Sep-22 01:01:22 - [INFO] There is 0 unit of lamp-sign was found.
13-Sep-22 01:01:22 - [INFO] Automation Searching for lamp-sign
13-Sep-22 01:01:25 - [ERROR] Failed to read images/10205-signed.png because file is missing, has improper permissions, or is an unsupported or invalid format
13-Sep-22 01:01:25 - [INFO] There is 0 unit of 10205-sign was found.
13-Sep-22 01:01:25 - [INFO] Automation Searching for 10205-sign
13-Sep-22 01:01:26 - [ERROR] Failed to read images/lamp-signed.png because file is missing, has improper permissions, or is an unsupported or invalid format
13-Sep-22 01:01:26 - [INFO] There is 0 unit of lamp-sign was found.
13-Sep-22 01:01:26 - [INFO] Automation Searching for lamp-sign
13-Sep-22 01:01:28 - [ERROR] Failed to read images/10205-signed.png because file is missing, has improper permissions, or is an unsupported or invalid format
13-Sep-22 01:01:28 - [INFO] There is 0 unit of 10205-sign was found.
13-Sep-22 01:01:28 - [INFO] Automation Searching for 10205-sign
13-Sep-22 01:01:29 - [ERROR] Failed to read images/lamp-signed.png because file is missing, has improper permissions, or is an unsupported or invalid format
13-Sep-22 01:01:29 - [INFO] There is 0 unit of lamp-sign was found.
13-Sep-22 01:01:29 - [INFO] Automation Searching for lamp-sign
13-Sep-22 01:01:32 - [ERROR] Failed to read images/10205-signed.png because file is missing, has improper permissions, or is an unsupported or invalid format
13-Sep-22 01:01:32 - [INFO] There is 0 unit of 10205-sign was found.
13-Sep-22 01:01:32 - [INFO] Automation Searching for 10205-sign
13-Sep-22 01:01:32 - [ERROR] Failed to read images/lamp-signed.png because file is missing, has improper permissions, or is an unsupported or invalid format
13-Sep-22 01:01:32 - [INFO] There is 0 unit of lamp-sign was found.
13-Sep-22 01:01:32 - [INFO] Automation Searching for lamp-sign
13-Sep-22 01:01:35 - [ERROR] Failed to read images/10205-signed.png because file is missing, has improper permissions, or is an unsupported or invalid format
13-Sep-22 01:01:35 - [INFO] There is 0 unit of 10205-sign was found.
13-Sep-22 01:01:35 - [INFO] Automation Searching for 10205-sign
13-Sep-22 01:01:36 - [ERROR] Failed to read images/lamp-signed.png because file is missing, has improper permissions, or is an unsupported or invalid format
13-Sep-22 01:01:36 - [INFO] There is 0 unit of lamp-sign was found.
13-Sep-22 01:01:36 - [INFO] Automation Searching for lamp-sign
13-Sep-22 01:01:39 - [ERROR] Failed to read images/10205-signed.png because file is missing, has improper permissions, or is an unsupported or invalid format
13-Sep-22 01:01:39 - [INFO] There is 0 unit of 10205-sign was found.
13-Sep-22 01:01:39 - [INFO] Automation Searching for 10205-sign
13-Sep-22 01:01:39 - [ERROR] Failed to read images/lamp-signed.png because file is missing, has improper permissions, or is an unsupported or invalid format
13-Sep-22 01:01:39 - [INFO] There is 0 unit of lamp-sign was found.
13-Sep-22 01:01:39 - [INFO] Automation Searching for lamp-sign
13-Sep-22 01:01:42 - [ERROR] Failed to read images/10205-signed.png because file is missing, has improper permissions, or is an unsupported or invalid format
13-Sep-22 01:01:42 - [INFO] There is 0 unit of 10205-sign was found.
13-Sep-22 01:01:42 - [INFO] Automation Searching for 10205-sign
13-Sep-22 01:01:43 - [ERROR] Failed to read images/lamp-signed.png because file is missing, has improper permissions, or is an unsupported or invalid format
13-Sep-22 01:01:43 - [INFO] There is 0 unit of lamp-sign was found.
13-Sep-22 01:01:43 - [INFO] Automation Searching for lamp-sign
13-Sep-22 01:01:46 - [ERROR] Failed to read images/10205-signed.png because file is missing, has improper permissions, or is an unsupported or invalid format
13-Sep-22 01:01:46 - [INFO] There is 0 unit of 10205-sign was found.
13-Sep-22 01:01:46 - [INFO] Automation Searching for 10205-sign
13-Sep-22 01:01:47 - [ERROR] Failed to read images/lamp-signed.png because file is missing, has improper permissions, or is an unsupported or invalid format
13-Sep-22 01:01:47 - [INFO] There is 0 unit of lamp-sign was found.
13-Sep-22 01:01:47 - [INFO] Automation Searching for lamp-sign
13-Sep-22 01:01:49 - [ERROR] Failed to read images/10205-signed.png because file is missing, has improper permissions, or is an unsupported or invalid format
13-Sep-22 01:01:49 - [INFO] There is 0 unit of 10205-sign was found.
13-Sep-22 01:01:49 - [INFO] Automation Searching for 10205-sign
13-Sep-22 01:01:50 - [ERROR] Failed to read images/lamp-signed.png because file is missing, has improper permissions, or is an unsupported or invalid format
13-Sep-22 01:01:50 - [INFO] There is 0 unit of lamp-sign was found.
13-Sep-22 01:01:50 - [INFO] Automation Searching for lamp-sign
13-Sep-22 01:01:53 - [ERROR] Failed to read images/10205-signed.png because file is missing, has improper permissions, or is an unsupported or invalid format
13-Sep-22 01:01:53 - [INFO] There is 0 unit of 10205-sign was found.
13-Sep-22 01:01:53 - [INFO] Automation Searching for 10205-sign
13-Sep-22 01:01:54 - [ERROR] Failed to read images/lamp-signed.png because file is missing, has improper permissions, or is an unsupported or invalid format
13-Sep-22 01:01:54 - [INFO] There is 0 unit of lamp-sign was found.
13-Sep-22 01:01:54 - [INFO] Automation Searching for lamp-sign
13-Sep-22 01:01:56 - [ERROR] Failed to read images/10205-signed.png because file is missing, has improper permissions, or is an unsupported or invalid format
13-Sep-22 01:01:56 - [INFO] There is 0 unit of 10205-sign was found.
13-Sep-22 01:01:56 - [INFO] Automation Searching for 10205-sign
13-Sep-22 01:01:57 - [ERROR] Failed to read images/lamp-signed.png because file is missing, has improper permissions, or is an unsupported or invalid format
13-Sep-22 01:01:57 - [INFO] There is 0 unit of lamp-sign was found.
13-Sep-22 01:01:57 - [INFO] Automation Searching for lamp-sign
13-Sep-22 01:02:00 - [ERROR] Failed to read images/10205-signed.png because file is missing, has improper permissions, or is an unsupported or invalid format
13-Sep-22 01:02:00 - [INFO] There is 0 unit of 10205-sign was found.
13-Sep-22 01:02:00 - [INFO] Automation Searching for 10205-sign
13-Sep-22 01:02:01 - [ERROR] Failed to read images/lamp-signed.png because file is missing, has improper permissions, or is an unsupported or invalid format
13-Sep-22 01:02:01 - [INFO] There is 0 unit of lamp-sign was found.
13-Sep-22 01:02:01 - [INFO] Automation Searching for lamp-sign
13-Sep-22 01:02:03 - [ERROR] Failed to read images/10205-signed.png because file is missing, has improper permissions, or is an unsupported or invalid format
13-Sep-22 01:02:03 - [INFO] There is 0 unit of 10205-sign was found.
13-Sep-22 01:02:03 - [INFO] Automation Searching for 10205-sign
13-Sep-22 01:02:04 - [ERROR] Failed to read images/lamp-signed.png because file is missing, has improper permissions, or is an unsupported or invalid format
13-Sep-22 01:02:04 - [INFO] There is 0 unit of lamp-sign was found.
13-Sep-22 01:02:04 - [INFO] Automation Searching for lamp-sign
13-Sep-22 01:02:07 - [ERROR] Failed to read images/10205-signed.png because file is missing, has improper permissions, or is an unsupported or invalid format
13-Sep-22 01:02:07 - [INFO] There is 0 unit of 10205-sign was found.
13-Sep-22 01:02:07 - [INFO] Automation Searching for 10205-sign
13-Sep-22 01:02:08 - [ERROR] Failed to read images/lamp-signed.png because file is missing, has improper permissions, or is an unsupported or invalid format
13-Sep-22 01:02:08 - [INFO] There is 0 unit of lamp-sign was found.
13-Sep-22 01:02:08 - [INFO] Automation Searching for lamp-sign
13-Sep-22 01:02:10 - [ERROR] Failed to read images/10205-signed.png because file is missing, has improper permissions, or is an unsupported or invalid format
13-Sep-22 01:02:10 - [INFO] There is 0 unit of 10205-sign was found.
13-Sep-22 01:02:10 - [INFO] Automation Searching for 10205-sign
13-Sep-22 01:02:14 - [ERROR] Failed to read images/10205-signed.png because file is missing, has improper permissions, or is an unsupported or invalid format
13-Sep-22 01:02:14 - [INFO] There is 0 unit of 10205-sign was found.
13-Sep-22 01:02:14 - [INFO] Automation Searching for 10205-sign
13-Sep-22 02:37:35 - [INFO] Automation Running
13-Sep-22 02:37:35 - [INFO] Automation Searching for lamp-sign
13-Sep-22 02:37:39 - [ERROR] Failed to read images/lamp-signed.png because file is missing, has improper permissions, or is an unsupported or invalid format
13-Sep-22 02:37:39 - [INFO] There is 0 unit of lamp-sign was found.
13-Sep-22 02:37:39 - [INFO] Automation Searching for lamp-sign
13-Sep-22 02:37:42 - [ERROR] Failed to read images/lamp-signed.png because file is missing, has improper permissions, or is an unsupported or invalid format
13-Sep-22 02:37:42 - [INFO] There is 0 unit of lamp-sign was found.
13-Sep-22 02:37:42 - [INFO] Automation Searching for lamp-sign
13-Sep-22 02:37:46 - [ERROR] Failed to read images/lamp-signed.png because file is missing, has improper permissions, or is an unsupported or invalid format
13-Sep-22 02:37:46 - [INFO] There is 0 unit of lamp-sign was found.
13-Sep-22 02:37:46 - [INFO] Automation Searching for lamp-sign
13-Sep-22 02:37:49 - [ERROR] Failed to read images/lamp-signed.png because file is missing, has improper permissions, or is an unsupported or invalid format
13-Sep-22 02:37:49 - [INFO] There is 0 unit of lamp-sign was found.
13-Sep-22 02:37:49 - [INFO] Automation Searching for lamp-sign
13-Sep-22 02:37:52 - [ERROR] Failed to read images/lamp-signed.png because file is missing, has improper permissions, or is an unsupported or invalid format
13-Sep-22 02:37:52 - [INFO] There is 0 unit of lamp-sign was found.
13-Sep-22 02:37:52 - [INFO] Automation Searching for lamp-sign
13-Sep-22 02:37:56 - [ERROR] Failed to read images/lamp-signed.png because file is missing, has improper permissions, or is an unsupported or invalid format
13-Sep-22 02:37:56 - [INFO] There is 0 unit of lamp-sign was found.
13-Sep-22 02:37:56 - [INFO] Automation Searching for lamp-sign
13-Sep-22 02:37:59 - [ERROR] Failed to read images/lamp-signed.png because file is missing, has improper permissions, or is an unsupported or invalid format
13-Sep-22 02:37:59 - [INFO] There is 0 unit of lamp-sign was found.
13-Sep-22 02:37:59 - [INFO] Automation Searching for lamp-sign
13-Sep-22 02:38:03 - [ERROR] Failed to read images/lamp-signed.png because file is missing, has improper permissions, or is an unsupported or invalid format
13-Sep-22 02:38:03 - [INFO] There is 0 unit of lamp-sign was found.
13-Sep-22 02:38:03 - [INFO] Automation Searching for lamp-sign
13-Sep-22 02:38:06 - [ERROR] Failed to read images/lamp-signed.png because file is missing, has improper permissions, or is an unsupported or invalid format
13-Sep-22 02:38:06 - [INFO] There is 0 unit of lamp-sign was found.
13-Sep-22 02:38:06 - [INFO] Automation Searching for lamp-sign
13-Sep-22 02:38:10 - [ERROR] Failed to read images/lamp-signed.png because file is missing, has improper permissions, or is an unsupported or invalid format
13-Sep-22 02:38:10 - [INFO] There is 0 unit of lamp-sign was found.
13-Sep-22 02:38:10 - [INFO] Automation Searching for lamp-sign
13-Sep-22 02:41:17 - [INFO] Automation Running
13-Sep-22 02:41:17 - [INFO] Automation Searching for lamp-sign
13-Sep-22 02:41:20 - [ERROR] Failed to read images/lamp-signed.png because file is missing, has improper permissions, or is an unsupported or invalid format
13-Sep-22 02:41:20 - [INFO] There is 0 unit of lamp-sign was found.
13-Sep-22 02:41:20 - [INFO] Automation Searching for lamp-sign
13-Sep-22 02:41:24 - [ERROR] Failed to read images/lamp-signed.png because file is missing, has improper permissions, or is an unsupported or invalid format
13-Sep-22 02:41:24 - [INFO] There is 0 unit of lamp-sign was found.
13-Sep-22 02:41:24 - [INFO] Automation Searching for lamp-sign
13-Sep-22 02:41:27 - [ERROR] Failed to read images/lamp-signed.png because file is missing, has improper permissions, or is an unsupported or invalid format
13-Sep-22 02:41:27 - [INFO] There is 0 unit of lamp-sign was found.
13-Sep-22 02:41:27 - [INFO] Automation Searching for lamp-sign
13-Sep-22 02:41:30 - [ERROR] Failed to read images/lamp-signed.png because file is missing, has improper permissions, or is an unsupported or invalid format
13-Sep-22 02:41:30 - [INFO] There is 0 unit of lamp-sign was found.
13-Sep-22 02:41:30 - [INFO] Automation Searching for lamp-sign
13-Sep-22 02:48:54 - [INFO] Automation Running
13-Sep-22 02:48:54 - [INFO] Automation Searching for lamp-sign
13-Sep-22 02:48:59 - [INFO] There is 3 unit of lamp-sign was found.
13-Sep-22 02:49:00 - [INFO] 10442 unit was found and ready to restart.
13-Sep-22 02:49:06 - [INFO] 10442 unit restarted.
13-Sep-22 02:49:07 - [WARNING] 10205 unit not found.
13-Sep-22 02:49:08 - [WARNING] 10246 unit not found.
13-Sep-22 02:49:17 - [INFO] Normal unit success generate : 10442, 1016, 1129 
13-Sep-22 02:49:17 - [INFO] Unit 10442 successfully normal
13-Sep-22 02:49:19 - [WARNING] 10205 unit not found.
13-Sep-22 02:49:20 - [WARNING] 10246 unit not found.
13-Sep-22 02:49:22 - [WARNING] 10205 unit not found.
13-Sep-22 02:49:23 - [WARNING] 10246 unit not found.
13-Sep-22 02:49:25 - [WARNING] 10205 unit not found.
13-Sep-22 02:49:26 - [WARNING] 10246 unit not found.
13-Sep-22 02:49:28 - [WARNING] 10205 unit not found.
13-Sep-22 02:49:29 - [WARNING] 10246 unit not found.
13-Sep-22 02:49:31 - [WARNING] 10205 unit not found.
13-Sep-22 02:49:32 - [WARNING] 10246 unit not found.
13-Sep-22 02:49:34 - [WARNING] 10205 unit not found.
13-Sep-22 02:49:35 - [WARNING] 10246 unit not found.
13-Sep-22 02:49:37 - [WARNING] 10205 unit not found.
13-Sep-22 02:49:38 - [WARNING] 10246 unit not found.
13-Sep-22 02:49:40 - [WARNING] 10205 unit not found.
13-Sep-22 02:49:41 - [WARNING] 10246 unit not found.
13-Sep-22 02:49:43 - [WARNING] 10205 unit not found.
13-Sep-22 02:49:44 - [WARNING] 10246 unit not found.
13-Sep-22 02:49:46 - [WARNING] 10205 unit not found.
13-Sep-22 02:49:47 - [WARNING] 10246 unit not found.
13-Sep-22 02:49:47 - [INFO] Automation Searching for lamp-sign
13-Sep-22 02:49:51 - [INFO] There is 2 unit of lamp-sign was found.
13-Sep-22 02:49:52 - [INFO] 10205 unit was found and ready to restart.
13-Sep-22 02:49:59 - [INFO] 10205 unit restarted.
13-Sep-22 02:50:00 - [WARNING]  unit not found.
13-Sep-22 02:50:09 - [INFO] Normal unit success generate : 10442, 1016, 1129 
13-Sep-22 02:50:09 - [INFO] Unit 10442 successfully normal
13-Sep-22 02:50:11 - [INFO] 10205 unit was found and ready to restart.
13-Sep-22 02:50:17 - [INFO] 10205 unit restarted.
13-Sep-22 02:50:17 - [WARNING] 10205 unit has second restart attempt but still not normal yet and need to restart manually by solution develop
13-Sep-22 02:50:18 - [WARNING]  unit not found.
13-Sep-22 02:50:28 - [INFO] Normal unit success generate : 10705, , 1016, 1129 
13-Sep-22 02:50:30 - [WARNING]  unit not found.
13-Sep-22 02:50:32 - [WARNING]  unit not found.
13-Sep-22 02:50:34 - [WARNING]  unit not found.
13-Sep-22 02:50:36 - [WARNING]  unit not found.
13-Sep-22 02:50:38 - [WARNING]  unit not found.
13-Sep-22 02:50:40 - [WARNING]  unit not found.
13-Sep-22 02:50:42 - [WARNING]  unit not found.
13-Sep-22 02:50:44 - [WARNING]  unit not found.
13-Sep-22 02:50:46 - [WARNING]  unit not found.
13-Sep-22 02:50:48 - [WARNING]  unit not found.
13-Sep-22 02:50:48 - [INFO] Automation Searching for lamp-sign
13-Sep-22 02:50:52 - [INFO] There is 1 unit of lamp-sign was found.
13-Sep-22 02:50:53 - [INFO] 10246 unit was found and ready to restart.
13-Sep-22 02:51:00 - [INFO] 10246 unit restarted.
13-Sep-22 02:51:09 - [INFO] Normal unit success generate : 10205, 10442, 1016, 1129 
13-Sep-22 02:51:09 - [INFO] Unit 10442 successfully normal
13-Sep-22 02:51:09 - [INFO] Unit 10205 successfully normal
13-Sep-22 02:51:10 - [INFO] Automation Searching for lamp-sign
13-Sep-22 14:31:01 - [INFO] Automation Running
13-Sep-22 14:31:01 - [INFO] Automation Searching for lamp-sign
13-Sep-22 14:31:06 - [INFO] There is 1 unit of lamp-sign was found.
13-Sep-22 14:31:07 - [INFO]  unit was found and ready to restart.
13-Sep-22 14:31:10 - [WARNING] Reload-sign not found
13-Sep-22 14:31:13 - [WARNING] Yes-button not found
13-Sep-22 14:31:15 - [INFO]  unit was found and ready to restart.
13-Sep-22 14:31:18 - [WARNING] Reload-sign not found
13-Sep-22 14:31:21 - [WARNING] Yes-button not found
13-Sep-22 14:31:23 - [INFO]  unit was found and ready to restart.
13-Sep-22 14:31:25 - [WARNING] Reload-sign not found
13-Sep-22 14:31:28 - [WARNING] Yes-button not found
13-Sep-22 14:31:30 - [INFO]  unit was found and ready to restart.
13-Sep-22 14:31:33 - [WARNING] Reload-sign not found
13-Sep-22 14:31:36 - [WARNING] Yes-button not found
13-Sep-22 14:45:20 - [INFO] Automation Running
13-Sep-22 14:45:20 - [INFO] Automation Searching for lamp-sign
13-Sep-22 14:45:46 - [INFO] There is 2 unit of lamp-sign was found.
13-Sep-22 14:45:47 - [INFO] 10118 unit was found and ready to restart.
13-Sep-22 14:45:54 - [INFO] 10118 unit restarted.
13-Sep-22 14:45:55 - [WARNING] 10119 unit not found.
13-Sep-22 14:46:04 - [INFO] Normal unit success generate :  
13-Sep-22 14:46:06 - [WARNING] 10118 unit not found.
13-Sep-22 14:46:08 - [WARNING] 10119 unit not found.
13-Sep-22 14:46:10 - [WARNING] 10118 unit not found.
13-Sep-22 14:46:11 - [WARNING] 10119 unit not found.
13-Sep-22 14:46:14 - [WARNING] 10118 unit not found.
13-Sep-22 14:46:15 - [WARNING] 10119 unit not found.
13-Sep-22 14:46:18 - [WARNING] 10118 unit not found.
13-Sep-22 14:46:19 - [WARNING] 10119 unit not found.
13-Sep-22 14:46:21 - [WARNING] 10118 unit not found.
13-Sep-22 14:46:23 - [WARNING] 10119 unit not found.
13-Sep-22 14:46:25 - [WARNING] 10118 unit not found.
13-Sep-22 14:46:26 - [WARNING] 10119 unit not found.
13-Sep-22 14:46:29 - [WARNING] 10118 unit not found.
13-Sep-22 14:46:30 - [WARNING] 10119 unit not found.
13-Sep-22 14:46:33 - [WARNING] 10118 unit not found.
13-Sep-22 14:46:34 - [WARNING] 10119 unit not found.
13-Sep-22 14:46:36 - [WARNING] 10118 unit not found.
13-Sep-22 14:46:38 - [WARNING] 10119 unit not found.
13-Sep-22 14:46:40 - [WARNING] 10118 unit not found.
13-Sep-22 14:46:42 - [WARNING] 10119 unit not found.
13-Sep-22 14:46:42 - [INFO] Automation Searching for lamp-sign
13-Sep-22 15:00:29 - [INFO] Automation Running
13-Sep-22 15:00:29 - [INFO] Automation Searching for lamp-sign
13-Sep-22 15:00:34 - [INFO] There is 3 unit of lamp-sign was found.
13-Sep-22 15:00:35 - [INFO] 10341 unit was found and ready to restart.
13-Sep-22 15:00:42 - [INFO] 10341 unit restarted.
13-Sep-22 15:00:43 - [INFO] 1003 unit was found and ready to restart.
13-Sep-22 15:00:50 - [INFO] 1003 unit restarted.
13-Sep-22 15:00:51 - [WARNING] 10119 unit not found.
13-Sep-22 15:01:03 - [INFO] Normal unit success generate : 10120, 10340, 10341, 10339, 10118, 10337, 10338, 1003, 10338 
13-Sep-22 15:01:03 - [INFO] Unit 10341 successfully normal
13-Sep-22 15:01:03 - [INFO] Unit 1003 successfully normal
13-Sep-22 15:01:05 - [INFO] 10119 unit was found and ready to restart.
13-Sep-22 15:01:12 - [INFO] 10119 unit restarted.
13-Sep-22 15:01:26 - [INFO] Normal unit success generate : 10338, 10170, 10340, 10340, 10341, 10339, 10341, 10339, 10118, 10337, 10118, 10340, 1003, 10338, 10119 
13-Sep-22 15:01:26 - [INFO] Unit 10341 successfully normal
13-Sep-22 15:01:26 - [INFO] Unit 1003 successfully normal
13-Sep-22 15:01:26 - [INFO] Unit 10119 successfully normal
13-Sep-22 15:01:27 - [INFO] Automation Searching for lamp-sign
